Started GET "/" for ::1 at 2019-04-03 17:49:18 -0400
Processing by Rails::WelcomeController#index as HTML
  Rendering /usr/local/lib/ruby/gems/2.6.0/gems/railties-5.2.3/lib/rails/templates/rails/welcome/index.html.erb
  Rendered /usr/local/lib/ruby/gems/2.6.0/gems/railties-5.2.3/lib/rails/templates/rails/welcome/index.html.erb (5.4ms)
Completed 200 OK in 25ms (Views: 13.9ms | ActiveRecord: 0.0ms)


  [1m[35m (0.1ms)[0m  [1m[34mSELECT sqlite_version(*)[0m
  ↳ /usr/local/Cellar/ruby/2.6.0_1/lib/ruby/gems/2.6.0/gems/rake-12.3.2/lib/rake/task.rb:273
  [1m[35m (1.2ms)[0m  [1m[35mCREATE TABLE "schema_migrations" ("version" varchar NOT NULL PRIMARY KEY)[0m
  ↳ /usr/local/Cellar/ruby/2.6.0_1/lib/ruby/gems/2.6.0/gems/rake-12.3.2/lib/rake/task.rb:273
  [1m[35m (1.1ms)[0m  [1m[35mCREATE TABLE "ar_internal_metadata" ("key" varchar NOT NULL PRIMARY KEY, "value" varchar, "created_at" datetime NOT NULL, "updated_at" datetime NOT NULL)[0m
  ↳ /usr/local/Cellar/ruby/2.6.0_1/lib/ruby/gems/2.6.0/gems/rake-12.3.2/lib/rake/task.rb:273
  [1m[35m (0.2ms)[0m  [1m[34mSELECT "schema_migrations"."version" FROM "schema_migrations" ORDER BY "schema_migrations"."version" ASC[0m
  ↳ /usr/local/Cellar/ruby/2.6.0_1/lib/ruby/gems/2.6.0/gems/rake-12.3.2/lib/rake/task.rb:273
Migrating to CreateBlogPosts (20190403230930)
  [1m[35m (0.1ms)[0m  [1m[36mbegin transaction[0m
  ↳ /usr/local/Cellar/ruby/2.6.0_1/lib/ruby/gems/2.6.0/gems/rake-12.3.2/lib/rake/task.rb:273
  [1m[35m (0.5ms)[0m  [1m[35mCREATE TABLE "blog_posts" ("id" integer PRIMARY KEY AUTOINCREMENT NOT NULL, "location" text, "category" varchar, "description" text, "title" text, "rating" integer, "created_at" datetime NOT NULL, "updated_at" datetime NOT NULL)[0m
  ↳ db/migrate/20190403230930_create_blog_posts.rb:3
  [1m[36mActiveRecord::SchemaMigration Create (0.2ms)[0m  [1m[32mINSERT INTO "schema_migrations" ("version") VALUES (?)[0m  [["version", "20190403230930"]]
  ↳ /usr/local/Cellar/ruby/2.6.0_1/lib/ruby/gems/2.6.0/gems/rake-12.3.2/lib/rake/task.rb:273
  [1m[35m (1.3ms)[0m  [1m[36mcommit transaction[0m
  ↳ /usr/local/Cellar/ruby/2.6.0_1/lib/ruby/gems/2.6.0/gems/rake-12.3.2/lib/rake/task.rb:273
  [1m[36mActiveRecord::InternalMetadata Load (0.2ms)[0m  [1m[34mSELECT  "ar_internal_metadata".* FROM "ar_internal_metadata" WHERE "ar_internal_metadata"."key" = ? LIMIT ?[0m  [["key", "environment"], ["LIMIT", 1]]
  ↳ /usr/local/Cellar/ruby/2.6.0_1/lib/ruby/gems/2.6.0/gems/rake-12.3.2/lib/rake/task.rb:273
  [1m[35m (0.1ms)[0m  [1m[36mbegin transaction[0m
  ↳ /usr/local/Cellar/ruby/2.6.0_1/lib/ruby/gems/2.6.0/gems/rake-12.3.2/lib/rake/task.rb:273
  [1m[36mActiveRecord::InternalMetadata Create (0.4ms)[0m  [1m[32mINSERT INTO "ar_internal_metadata" ("key", "value", "created_at", "updated_at") VALUES (?, ?, ?, ?)[0m  [["key", "environment"], ["value", "development"], ["created_at", "2019-04-03 23:12:42.683421"], ["updated_at", "2019-04-03 23:12:42.683421"]]
  ↳ /usr/local/Cellar/ruby/2.6.0_1/lib/ruby/gems/2.6.0/gems/rake-12.3.2/lib/rake/task.rb:273
  [1m[35m (13.3ms)[0m  [1m[36mcommit transaction[0m
  ↳ /usr/local/Cellar/ruby/2.6.0_1/lib/ruby/gems/2.6.0/gems/rake-12.3.2/lib/rake/task.rb:273
  [1m[35m (0.1ms)[0m  [1m[34mSELECT "schema_migrations"."version" FROM "schema_migrations" ORDER BY "schema_migrations"."version" ASC[0m
  ↳ /usr/local/Cellar/ruby/2.6.0_1/lib/ruby/gems/2.6.0/gems/rake-12.3.2/lib/rake/task.rb:273
  [1m[35m (0.1ms)[0m  [1m[34mSELECT "schema_migrations"."version" FROM "schema_migrations" ORDER BY "schema_migrations"."version" ASC[0m
  ↳ /usr/local/Cellar/ruby/2.6.0_1/lib/ruby/gems/2.6.0/gems/rake-12.3.2/lib/rake/task.rb:273
Migrating to CreateBlogPosts (20190403231925)
  [1m[35m (0.1ms)[0m  [1m[36mbegin transaction[0m
  ↳ /usr/local/Cellar/ruby/2.6.0_1/lib/ruby/gems/2.6.0/gems/rake-12.3.2/lib/rake/task.rb:273
  [1m[35m (0.1ms)[0m  [1m[34mSELECT sqlite_version(*)[0m
  ↳ db/migrate/20190403231925_create_blog_posts.rb:3
  [1m[35m (0.3ms)[0m  [1m[35mCREATE TABLE "blog_posts" ("id" integer PRIMARY KEY AUTOINCREMENT NOT NULL, "location" text, "category" varchar, "description" text, "title" text, "rating" integer, "created_at" datetime NOT NULL, "updated_at" datetime NOT NULL)[0m
  ↳ db/migrate/20190403231925_create_blog_posts.rb:3
  [1m[35m (0.0ms)[0m  [1m[31mrollback transaction[0m
  ↳ /usr/local/Cellar/ruby/2.6.0_1/lib/ruby/gems/2.6.0/gems/rake-12.3.2/lib/rake/task.rb:273
  [1m[35m (0.1ms)[0m  [1m[34mSELECT "schema_migrations"."version" FROM "schema_migrations" ORDER BY "schema_migrations"."version" ASC[0m
  ↳ /usr/local/Cellar/ruby/2.6.0_1/lib/ruby/gems/2.6.0/gems/rake-12.3.2/lib/rake/task.rb:273
Migrating to CreateBlogPosts (20190403232200)
  [1m[35m (0.1ms)[0m  [1m[36mbegin transaction[0m
  ↳ /usr/local/Cellar/ruby/2.6.0_1/lib/ruby/gems/2.6.0/gems/rake-12.3.2/lib/rake/task.rb:273
  [1m[35m (0.1ms)[0m  [1m[34mSELECT sqlite_version(*)[0m
  ↳ db/migrate/20190403232200_create_blog_posts.rb:3
  [1m[35m (0.3ms)[0m  [1m[35mCREATE TABLE "blog_posts" ("id" integer PRIMARY KEY AUTOINCREMENT NOT NULL, "location" text, "category" varchar, "description" text, "title" text, "rating" integer, "created_at" datetime NOT NULL, "updated_at" datetime NOT NULL)[0m
  ↳ db/migrate/20190403232200_create_blog_posts.rb:3
  [1m[35m (0.0ms)[0m  [1m[31mrollback transaction[0m
  ↳ /usr/local/Cellar/ruby/2.6.0_1/lib/ruby/gems/2.6.0/gems/rake-12.3.2/lib/rake/task.rb:273
  [1m[35m (0.1ms)[0m  [1m[34mSELECT "schema_migrations"."version" FROM "schema_migrations" ORDER BY "schema_migrations"."version" ASC[0m
  ↳ /usr/local/Cellar/ruby/2.6.0_1/lib/ruby/gems/2.6.0/gems/rake-12.3.2/lib/rake/task.rb:273
Migrating to CreateBlogPosts (20190403232200)
  [1m[35m (0.0ms)[0m  [1m[36mbegin transaction[0m
  ↳ /usr/local/Cellar/ruby/2.6.0_1/lib/ruby/gems/2.6.0/gems/rake-12.3.2/lib/rake/task.rb:273
  [1m[35m (0.1ms)[0m  [1m[34mSELECT sqlite_version(*)[0m
  ↳ db/migrate/20190403232200_create_blog_posts.rb:3
  [1m[35m (0.2ms)[0m  [1m[35mCREATE TABLE "blog_posts" ("id" integer PRIMARY KEY AUTOINCREMENT NOT NULL, "location" text, "category" varchar, "description" text, "title" text, "rating" integer, "created_at" datetime NOT NULL, "updated_at" datetime NOT NULL)[0m
  ↳ db/migrate/20190403232200_create_blog_posts.rb:3
  [1m[35m (0.0ms)[0m  [1m[31mrollback transaction[0m
  ↳ /usr/local/Cellar/ruby/2.6.0_1/lib/ruby/gems/2.6.0/gems/rake-12.3.2/lib/rake/task.rb:273
  [1m[35m (0.1ms)[0m  [1m[34mSELECT "schema_migrations"."version" FROM "schema_migrations" ORDER BY "schema_migrations"."version" ASC[0m
  ↳ /usr/local/Cellar/ruby/2.6.0_1/lib/ruby/gems/2.6.0/gems/rake-12.3.2/lib/rake/task.rb:273
  [1m[35m (0.1ms)[0m  [1m[34mSELECT "schema_migrations"."version" FROM "schema_migrations" ORDER BY "schema_migrations"."version" ASC[0m
  ↳ /usr/local/Cellar/ruby/2.6.0_1/lib/ruby/gems/2.6.0/gems/rake-12.3.2/lib/rake/task.rb:273
  [1m[35m (0.0ms)[0m  [1m[34mSELECT "schema_migrations"."version" FROM "schema_migrations" ORDER BY "schema_migrations"."version" ASC[0m
  ↳ /usr/local/Cellar/ruby/2.6.0_1/lib/ruby/gems/2.6.0/gems/rake-12.3.2/lib/rake/task.rb:273
  [1m[35m (0.1ms)[0m  [1m[34mSELECT "schema_migrations"."version" FROM "schema_migrations" ORDER BY "schema_migrations"."version" ASC[0m
  ↳ /usr/local/Cellar/ruby/2.6.0_1/lib/ruby/gems/2.6.0/gems/rake-12.3.2/lib/rake/task.rb:273
  [1m[35m (0.2ms)[0m  [1m[34mSELECT "schema_migrations"."version" FROM "schema_migrations" ORDER BY "schema_migrations"."version" ASC[0m
  ↳ /usr/local/Cellar/ruby/2.6.0_1/lib/ruby/gems/2.6.0/gems/rake-12.3.2/lib/rake/task.rb:273
Migrating to CreateBlogPosts (20190403232200)
  [1m[35m (0.0ms)[0m  [1m[36mbegin transaction[0m
  ↳ /usr/local/Cellar/ruby/2.6.0_1/lib/ruby/gems/2.6.0/gems/rake-12.3.2/lib/rake/task.rb:273
  [1m[35m (0.1ms)[0m  [1m[34mSELECT sqlite_version(*)[0m
  ↳ db/migrate/20190403232200_create_blog_posts.rb:3
  [1m[35m (0.4ms)[0m  [1m[35mCREATE TABLE "blog_posts" ("id" integer PRIMARY KEY AUTOINCREMENT NOT NULL, "location" text, "category" varchar, "description" text, "title" text, "rating" integer, "created_at" datetime NOT NULL, "updated_at" datetime NOT NULL)[0m
  ↳ db/migrate/20190403232200_create_blog_posts.rb:3
  [1m[35m (0.1ms)[0m  [1m[31mrollback transaction[0m
  ↳ /usr/local/Cellar/ruby/2.6.0_1/lib/ruby/gems/2.6.0/gems/rake-12.3.2/lib/rake/task.rb:273
  [1m[35m (0.2ms)[0m  [1m[34mSELECT "schema_migrations"."version" FROM "schema_migrations" ORDER BY "schema_migrations"."version" ASC[0m
  ↳ /usr/local/Cellar/ruby/2.6.0_1/lib/ruby/gems/2.6.0/gems/rake-12.3.2/lib/rake/task.rb:273
Migrating to CreateBlogPosts (20190403232200)
  [1m[35m (0.1ms)[0m  [1m[36mbegin transaction[0m
  ↳ /usr/local/Cellar/ruby/2.6.0_1/lib/ruby/gems/2.6.0/gems/rake-12.3.2/lib/rake/task.rb:273
  [1m[35m (0.1ms)[0m  [1m[34mSELECT sqlite_version(*)[0m
  ↳ db/migrate/20190403232200_create_blog_posts.rb:3
  [1m[35m (0.3ms)[0m  [1m[35mCREATE TABLE "blog_posts" ("id" integer PRIMARY KEY AUTOINCREMENT NOT NULL, "location" text, "category" varchar, "description" text, "title" text, "rating" integer, "created_at" datetime NOT NULL, "updated_at" datetime NOT NULL)[0m
  ↳ db/migrate/20190403232200_create_blog_posts.rb:3
  [1m[35m (0.0ms)[0m  [1m[31mrollback transaction[0m
  ↳ /usr/local/Cellar/ruby/2.6.0_1/lib/ruby/gems/2.6.0/gems/rake-12.3.2/lib/rake/task.rb:273
  [1m[35m (0.2ms)[0m  [1m[34mSELECT "schema_migrations"."version" FROM "schema_migrations" ORDER BY "schema_migrations"."version" ASC[0m
  ↳ /usr/local/Cellar/ruby/2.6.0_1/lib/ruby/gems/2.6.0/gems/rake-12.3.2/lib/rake/task.rb:273
  [1m[35m (0.1ms)[0m  [1m[34mSELECT "schema_migrations"."version" FROM "schema_migrations" ORDER BY "schema_migrations"."version" ASC[0m
  ↳ /usr/local/Cellar/ruby/2.6.0_1/lib/ruby/gems/2.6.0/gems/rake-12.3.2/lib/rake/task.rb:273
Migrating to CreateBlogPosts (20190403232200)
  [1m[35m (0.1ms)[0m  [1m[36mbegin transaction[0m
  ↳ /usr/local/Cellar/ruby/2.6.0_1/lib/ruby/gems/2.6.0/gems/rake-12.3.2/lib/rake/task.rb:273
  [1m[35m (0.9ms)[0m  [1m[35mDROP TABLE "blog_posts"[0m
  ↳ db/migrate/20190403232200_create_blog_posts.rb:3
  [1m[35m (0.1ms)[0m  [1m[34mSELECT sqlite_version(*)[0m
  ↳ db/migrate/20190403232200_create_blog_posts.rb:4
  [1m[35m (0.2ms)[0m  [1m[35mCREATE TABLE "blog_posts" ("id" integer PRIMARY KEY AUTOINCREMENT NOT NULL, "location" text, "category" varchar, "description" text, "title" text, "rating" integer, "created_at" datetime NOT NULL, "updated_at" datetime NOT NULL)[0m
  ↳ db/migrate/20190403232200_create_blog_posts.rb:4
  [1m[36mActiveRecord::SchemaMigration Create (0.2ms)[0m  [1m[32mINSERT INTO "schema_migrations" ("version") VALUES (?)[0m  [["version", "20190403232200"]]
  ↳ /usr/local/Cellar/ruby/2.6.0_1/lib/ruby/gems/2.6.0/gems/rake-12.3.2/lib/rake/task.rb:273
  [1m[35m (0.7ms)[0m  [1m[36mcommit transaction[0m
  ↳ /usr/local/Cellar/ruby/2.6.0_1/lib/ruby/gems/2.6.0/gems/rake-12.3.2/lib/rake/task.rb:273
  [1m[36mActiveRecord::InternalMetadata Load (0.2ms)[0m  [1m[34mSELECT  "ar_internal_metadata".* FROM "ar_internal_metadata" WHERE "ar_internal_metadata"."key" = ? LIMIT ?[0m  [["key", "environment"], ["LIMIT", 1]]
  ↳ /usr/local/Cellar/ruby/2.6.0_1/lib/ruby/gems/2.6.0/gems/rake-12.3.2/lib/rake/task.rb:273
  [1m[35m (0.1ms)[0m  [1m[36mbegin transaction[0m
  ↳ /usr/local/Cellar/ruby/2.6.0_1/lib/ruby/gems/2.6.0/gems/rake-12.3.2/lib/rake/task.rb:273
  [1m[35m (0.0ms)[0m  [1m[36mcommit transaction[0m
  ↳ /usr/local/Cellar/ruby/2.6.0_1/lib/ruby/gems/2.6.0/gems/rake-12.3.2/lib/rake/task.rb:273
  [1m[35m (0.1ms)[0m  [1m[34mSELECT "schema_migrations"."version" FROM "schema_migrations" ORDER BY "schema_migrations"."version" ASC[0m
  ↳ /usr/local/Cellar/ruby/2.6.0_1/lib/ruby/gems/2.6.0/gems/rake-12.3.2/lib/rake/task.rb:273
  [1m[35m (0.1ms)[0m  [1m[34mSELECT "schema_migrations"."version" FROM "schema_migrations" ORDER BY "schema_migrations"."version" ASC[0m
  ↳ /usr/local/Cellar/ruby/2.6.0_1/lib/ruby/gems/2.6.0/gems/rake-12.3.2/lib/rake/task.rb:273
  [1m[36mBlogPost Destroy (1.0ms)[0m  [1m[31mDELETE FROM "blog_posts"[0m
  ↳ db/seeds.rb:9
  [1m[35m (0.0ms)[0m  [1m[36mbegin transaction[0m
  ↳ db/seeds.rb:11
  [1m[36mBlogPost Create (0.3ms)[0m  [1m[32mINSERT INTO "blog_posts" ("location", "category", "description", "title", "rating", "created_at", "updated_at") VALUES (?, ?, ?, ?, ?, ?, ?)[0m  [["location", "Frank"], ["category", "Dinner"], ["description", "watery, and glowing green."], ["title", "Gross Spinach"], ["rating", 1], ["created_at", "2019-04-03 23:36:30.551593"], ["updated_at", "2019-04-03 23:36:30.551593"]]
  ↳ db/seeds.rb:11
  [1m[35m (1.2ms)[0m  [1m[36mcommit transaction[0m
  ↳ db/seeds.rb:11
  [1m[35m (0.1ms)[0m  [1m[36mbegin transaction[0m
  ↳ db/seeds.rb:12
  [1m[36mBlogPost Create (1.0ms)[0m  [1m[32mINSERT INTO "blog_posts" ("location", "category", "description", "title", "rating", "created_at", "updated_at") VALUES (?, ?, ?, ?, ?, ?, ?)[0m  [["location", "Coop"], ["category", "Lunch"], ["description", "pretty good, feels like i'm back in Boston."], ["title", "Clam Chowder"], ["rating", 4], ["created_at", "2019-04-03 23:36:30.554992"], ["updated_at", "2019-04-03 23:36:30.554992"]]
  ↳ db/seeds.rb:12
  [1m[35m (0.9ms)[0m  [1m[36mcommit transaction[0m
  ↳ db/seeds.rb:12
  [1m[35m (0.3ms)[0m  [1m[36mbegin transaction[0m
  ↳ db/seeds.rb:13
  [1m[36mBlogPost Create (0.3ms)[0m  [1m[32mINSERT INTO "blog_posts" ("location", "category", "description", "title", "rating", "created_at", "updated_at") VALUES (?, ?, ?, ?, ?, ?, ?)[0m  [["location", "Library Cafe"], ["category", "Dinner"], ["description", "well seasoned, not dry, even better with bbq sauce."], ["title", "Lovely Roast Chicken"], ["rating", 5], ["created_at", "2019-04-03 23:36:30.558737"], ["updated_at", "2019-04-03 23:36:30.558737"]]
  ↳ db/seeds.rb:13
  [1m[35m (1.1ms)[0m  [1m[36mcommit transaction[0m
  ↳ db/seeds.rb:13
  [1m[35m (0.1ms)[0m  [1m[36mbegin transaction[0m
  ↳ db/seeds.rb:14
  [1m[36mBlogPost Create (0.6ms)[0m  [1m[32mINSERT INTO "blog_posts" ("location", "category", "description", "title", "rating", "created_at", "updated_at") VALUES (?, ?, ?, ?, ?, ?, ?)[0m  [["location", "Coop"], ["category", "Lunch"], ["description", "ah, just like grandmothers!"], ["title", "Penne a la vodka"], ["rating", 5], ["created_at", "2019-04-03 23:36:30.562097"], ["updated_at", "2019-04-03 23:36:30.562097"]]
  ↳ db/seeds.rb:14
  [1m[35m (1.0ms)[0m  [1m[36mcommit transaction[0m
  ↳ db/seeds.rb:14
  [1m[35m (0.1ms)[0m  [1m[36mbegin transaction[0m
  ↳ db/seeds.rb:15
  [1m[36mBlogPost Create (1.2ms)[0m  [1m[32mINSERT INTO "blog_posts" ("location", "category", "description", "title", "rating", "created_at", "updated_at") VALUES (?, ?, ?, ?, ?, ?, ?)[0m  [["location", "Coop"], ["category", "Breakfast"], ["description", "dont try it, way too chunky and been sitting out for what seems like days."], ["title", "Sketchy Rice Pilaf"], ["rating", 0], ["created_at", "2019-04-03 23:36:30.566047"], ["updated_at", "2019-04-03 23:36:30.566047"]]
  ↳ db/seeds.rb:15
  [1m[35m (0.8ms)[0m  [1m[36mcommit transaction[0m
  ↳ db/seeds.rb:15
Started GET "/" for ::1 at 2019-04-03 19:37:01 -0400
  [1m[35m (0.1ms)[0m  [1m[34mSELECT "schema_migrations"."version" FROM "schema_migrations" ORDER BY "schema_migrations"."version" ASC[0m
  ↳ /usr/local/lib/ruby/gems/2.6.0/gems/activerecord-5.2.3/lib/active_record/log_subscriber.rb:98
Processing by Rails::WelcomeController#index as HTML
  Rendering /usr/local/lib/ruby/gems/2.6.0/gems/railties-5.2.3/lib/rails/templates/rails/welcome/index.html.erb
  Rendered /usr/local/lib/ruby/gems/2.6.0/gems/railties-5.2.3/lib/rails/templates/rails/welcome/index.html.erb (2.3ms)
Completed 200 OK in 11ms (Views: 3.9ms | ActiveRecord: 0.0ms)


